<?xml version="1.0" encoding="UTF-8"?>
<!-- Generated by org.testng.reporters.JUnitXMLReporter -->
<testsuite hostname="BSC-PF10PQNE" ignored="0" name="Regression 1" tests="2" failures="0" timestamp="14 Jun 2020 11:30:36 GMT" time="31.678" errors="0">
  <testcase name="openGoogleOnChromeInstances" time="4.36" classname="seleniumStandalone.OpenGoogle"/>
  <testcase name="openGoogleOnFirefoxChromeInstances" time="8.529" classname="seleniumStandalone.OpenGoogle"/>
</testsuite> <!-- Regression 1 -->
