<?xml version="1.0" encoding="UTF-8"?>
<testng-results skipped="0" failed="0" ignored="0" total="2" passed="2">
  <reporter-output>
  </reporter-output>
  <suite name="Parallel test suite" duration-ms="30441" started-at="2020-06-17T07:16:33Z" finished-at="2020-06-17T07:17:04Z">
    <groups>
    </groups>
    <test name="Regression 1" duration-ms="30441" started-at="2020-06-17T07:16:33Z" finished-at="2020-06-17T07:17:04Z">
      <class name="seleniumStandalone.OpenGoogle">
        <test-method status="PASS" signature="startDocker()[pri:0, instance:seleniumStandalone.OpenGoogle@6b143ee9]" name="startDocker" is-config="true" duration-ms="21528" started-at="2020-06-17T07:16:33Z" finished-at="2020-06-17T07:16:55Z">
          <reporter-output>
          </reporter-output>
        </test-method> <!-- startDocker -->
        <test-method status="PASS" signature="openGoogleOnFirefoxChromeInstances()[pri:0, instance:seleniumStandalone.OpenGoogle@6b143ee9]" name="openGoogleOnFirefoxChromeInstances" duration-ms="7334" started-at="2020-06-17T07:16:55Z" finished-at="2020-06-17T07:17:02Z">
          <reporter-output>
          </reporter-output>
        </test-method> <!-- openGoogleOnFirefoxChromeInstances -->
        <test-method status="PASS" signature="openGoogleOnChromeInstances()[pri:0, instance:seleniumStandalone.OpenGoogle@6b143ee9]" name="openGoogleOnChromeInstances" duration-ms="3344" started-at="2020-06-17T07:16:55Z" finished-at="2020-06-17T07:16:58Z">
          <reporter-output>
          </reporter-output>
        </test-method> <!-- openGoogleOnChromeInstances -->
        <test-method status="PASS" signature="stopDocker()[pri:0, instance:seleniumStandalone.OpenGoogle@6b143ee9]" name="stopDocker" is-config="true" duration-ms="1521" started-at="2020-06-17T07:17:02Z" finished-at="2020-06-17T07:17:04Z">
          <reporter-output>
          </reporter-output>
        </test-method> <!-- stopDocker -->
      </class> <!-- seleniumStandalone.OpenGoogle -->
    </test> <!-- Regression 1 -->
  </suite> <!-- Parallel test suite -->
</testng-results>
