<?xml version="1.0" encoding="UTF-8"?>
<!-- Generated by org.testng.reporters.JUnitXMLReporter -->
<testsuite hostname="BSC-PF10PQNE" ignored="0" name="Regression 1" tests="2" failures="0" timestamp="17 Jun 2020 07:17:04 GMT" time="30.441" errors="0">
  <testcase name="openGoogleOnChromeInstances" time="3.344" classname="seleniumStandalone.OpenGoogle"/>
  <testcase name="openGoogleOnFirefoxChromeInstances" time="7.334" classname="seleniumStandalone.OpenGoogle"/>
</testsuite> <!-- Regression 1 -->
